12/03/2023 15:12:55:  menu_search Success
12/03/2023 15:13:37:  add Success
12/03/2023 15:14:27:  menu_search Success
12/03/2023 15:14:52:  add Success
12/03/2023 15:14:52:  add Success
12/03/2023 15:15:04:  amount Success
12/03/2023 15:15:17:  rename Success
2023-03-12 15:15:17: PRINTALL   Jay-z,1
2023-03-12 15:15:17: PRINTALL   outkast,200
2023-03-12 15:15:17: PRINTALL   Bob-Dylan,24
2023-03-12 15:15:17: PRINTALL   Ramones,50
2023-03-12 15:15:17: PRINTALL   paul-Simon,28
2023-03-12 15:15:17: PRINTALL   prince,500
2023-03-12 15:15:17: PRINTALL   Radiohead,44
2023-03-12 15:15:17: PRINTALL   The-Rolling-Stones,70
2023-03-12 15:15:17: PRINTALL   Talking-Heads,76
2023-03-12 15:15:17: PRINTALL   hello,10
2023-03-12 15:15:17: PRINTALL   hello2,12
2023-03-12 15:15:17: PRINTALL   hello3,13
2023-03-12 15:15:17: PRINTALL   hello4,14
2023-03-12 15:15:17: PRINTALL   bunny,33
12/03/2023 15:15:17:  Print_Amount Success
12/03/2023 15:16:11:  delete Success
12/03/2023 15:38:12:  menu_search Failure
12/03/2023 15:56:14:  Print_Amount Success
12/03/2023 15:57:00:  Print_Amount Success
12/03/2023 15:57:23:  Print_Amount Success
12/03/2023 15:57:52:  Print_Amount 1042
2023-03-12 15:59:05: PRINTALL   Jay-z,1
2023-03-12 15:59:05: PRINTALL   outkast,200
2023-03-12 15:59:05: PRINTALL   Bob-Dylan,24
2023-03-12 15:59:05: PRINTALL   Ramones,50
2023-03-12 15:59:05: PRINTALL   paul-Simon,28
2023-03-12 15:59:05: PRINTALL   prince,500
2023-03-12 15:59:05: PRINTALL   Radiohead,44
2023-03-12 15:59:05: PRINTALL   The-Rolling-Stones,70
2023-03-12 15:59:05: PRINTALL   Talking-Heads,76
2023-03-12 15:59:05: PRINTALL   hello,10
2023-03-12 15:59:05: PRINTALL   hello2,12
2023-03-12 15:59:05: PRINTALL   hello3,13
2023-03-12 15:59:05: PRINTALL   hello4,14
2023-03-12 16:00:06: PRINTALL  | awk -F ',' '{ printf %s, %sn, record.collection,  }' Jay-z,1
2023-03-12 16:00:06: PRINTALL  | awk -F ',' '{ printf %s, %sn, record.collection,  }' outkast,200
2023-03-12 16:00:06: PRINTALL  | awk -F ',' '{ printf %s, %sn, record.collection,  }' Bob-Dylan,24
2023-03-12 16:00:06: PRINTALL  | awk -F ',' '{ printf %s, %sn, record.collection,  }' Ramones,50
2023-03-12 16:00:06: PRINTALL  | awk -F ',' '{ printf %s, %sn, record.collection,  }' paul-Simon,28
2023-03-12 16:00:06: PRINTALL  | awk -F ',' '{ printf %s, %sn, record.collection,  }' prince,500
2023-03-12 16:00:06: PRINTALL  | awk -F ',' '{ printf %s, %sn, record.collection,  }' Radiohead,44
2023-03-12 16:00:06: PRINTALL  | awk -F ',' '{ printf %s, %sn, record.collection,  }' The-Rolling-Stones,70
2023-03-12 16:00:06: PRINTALL  | awk -F ',' '{ printf %s, %sn, record.collection,  }' Talking-Heads,76
2023-03-12 16:00:06: PRINTALL  | awk -F ',' '{ printf %s, %sn, record.collection,  }' hello,10
2023-03-12 16:00:06: PRINTALL  | awk -F ',' '{ printf %s, %sn, record.collection,  }' hello2,12
2023-03-12 16:00:06: PRINTALL  | awk -F ',' '{ printf %s, %sn, record.collection,  }' hello3,13
2023-03-12 16:00:06: PRINTALL  | awk -F ',' '{ printf %s, %sn, record.collection,  }' hello4,14
12/03/2023 16:06:16:  add Success
12/03/2023 16:06:16:  add Success
12/03/2023 16:08:26:  Print_Amount 1058
2023-03-12 16:18:05: PRINTALL  Jay-z, 
2023-03-12 16:18:05: PRINTALL  [:space:]+1 
2023-03-12 16:18:05: PRINTALL  outkast, 
2023-03-12 16:18:05: PRINTALL  [:space:]+200 
2023-03-12 16:18:05: PRINTALL  Bob-Dylan, 
2023-03-12 16:18:05: PRINTALL  [:space:]+24 
2023-03-12 16:18:05: PRINTALL  Ramones, 
2023-03-12 16:18:05: PRINTALL  [:space:]+50 
2023-03-12 16:18:05: PRINTALL  paul-Simon, 
2023-03-12 16:18:05: PRINTALL  [:space:]+28 
2023-03-12 16:18:05: PRINTALL  prince, 
2023-03-12 16:18:05: PRINTALL  [:space:]+500 
2023-03-12 16:18:05: PRINTALL  Radiohead, 
2023-03-12 16:18:05: PRINTALL  [:space:]+44 
2023-03-12 16:18:05: PRINTALL  The-Rolling-Stones, 
2023-03-12 16:18:05: PRINTALL  [:space:]+70 
2023-03-12 16:18:05: PRINTALL  Talking-Heads, 
2023-03-12 16:18:05: PRINTALL  [:space:]+76 
2023-03-12 16:18:05: PRINTALL  hello, 
2023-03-12 16:18:05: PRINTALL  [:space:]+10 
2023-03-12 16:18:05: PRINTALL  hello2, 
2023-03-12 16:18:05: PRINTALL  [:space:]+12 
2023-03-12 16:18:05: PRINTALL  hello3, 
2023-03-12 16:18:05: PRINTALL  [:space:]+13 
2023-03-12 16:18:05: PRINTALL  hello4, 
2023-03-12 16:18:05: PRINTALL  [:space:]+14 
2023-03-12 16:18:05: PRINTALL  hello16, 
2023-03-12 16:18:05: PRINTALL  [:space:]+16 
2023-03-12 16:18:29: PRINTALL  Jay-z, 
2023-03-12 16:18:29: PRINTALL  1 
2023-03-12 16:18:29: PRINTALL  outkast, 
2023-03-12 16:18:29: PRINTALL  200 
2023-03-12 16:18:29: PRINTALL  Bob-Dylan, 
2023-03-12 16:18:29: PRINTALL  24 
2023-03-12 16:18:29: PRINTALL  Ramones, 
2023-03-12 16:18:29: PRINTALL  50 
2023-03-12 16:18:29: PRINTALL  paul-Simon, 
2023-03-12 16:18:29: PRINTALL  28 
2023-03-12 16:18:29: PRINTALL  prince, 
2023-03-12 16:18:29: PRINTALL  500 
2023-03-12 16:18:29: PRINTALL  Radiohead, 
2023-03-12 16:18:29: PRINTALL  44 
2023-03-12 16:18:29: PRINTALL  The-Rolling-Stones, 
2023-03-12 16:18:29: PRINTALL  70 
2023-03-12 16:18:29: PRINTALL  Talking-Heads, 
2023-03-12 16:18:29: PRINTALL  76 
2023-03-12 16:18:29: PRINTALL  hello, 
2023-03-12 16:18:29: PRINTALL  10 
2023-03-12 16:18:29: PRINTALL  hello2, 
2023-03-12 16:18:29: PRINTALL  12 
2023-03-12 16:18:29: PRINTALL  hello3, 
2023-03-12 16:18:29: PRINTALL  13 
2023-03-12 16:18:29: PRINTALL  hello4, 
2023-03-12 16:18:29: PRINTALL  14 
2023-03-12 16:18:29: PRINTALL  hello16, 
2023-03-12 16:18:29: PRINTALL  16 
2023-03-12 16:19:18: PRINTALL  Jay-z 
2023-03-12 16:19:18: PRINTALL  1 
2023-03-12 16:19:18: PRINTALL  outkast 
2023-03-12 16:19:18: PRINTALL  200 
2023-03-12 16:19:18: PRINTALL  Bob-Dylan 
2023-03-12 16:19:18: PRINTALL  24 
2023-03-12 16:19:18: PRINTALL  Ramones 
2023-03-12 16:19:18: PRINTALL  50 
2023-03-12 16:19:18: PRINTALL  paul-Simon 
2023-03-12 16:19:18: PRINTALL  28 
2023-03-12 16:19:18: PRINTALL  prince 
2023-03-12 16:19:18: PRINTALL  500 
2023-03-12 16:19:18: PRINTALL  Radiohead 
2023-03-12 16:19:18: PRINTALL  44 
2023-03-12 16:19:18: PRINTALL  The-Rolling-Stones 
2023-03-12 16:19:18: PRINTALL  70 
2023-03-12 16:19:18: PRINTALL  Talking-Heads 
2023-03-12 16:19:18: PRINTALL  76 
2023-03-12 16:19:18: PRINTALL  hello 
2023-03-12 16:19:18: PRINTALL  10 
2023-03-12 16:19:18: PRINTALL  hello2 
2023-03-12 16:19:18: PRINTALL  12 
2023-03-12 16:19:18: PRINTALL  hello3 
2023-03-12 16:19:18: PRINTALL  13 
2023-03-12 16:19:18: PRINTALL  hello4 
2023-03-12 16:19:18: PRINTALL  14 
2023-03-12 16:19:18: PRINTALL  hello16 
2023-03-12 16:19:18: PRINTALL  16 
2023-03-12 16:19:38: PRINTALL  
2023-03-12 16:19:38: PRINTALL  
2023-03-12 16:19:38: PRINTALL  
2023-03-12 16:19:38: PRINTALL  
2023-03-12 16:19:38: PRINTALL  
2023-03-12 16:19:38: PRINTALL  
2023-03-12 16:19:38: PRINTALL  
2023-03-12 16:19:38: PRINTALL  
2023-03-12 16:19:38: PRINTALL  
2023-03-12 16:19:38: PRINTALL  
2023-03-12 16:19:38: PRINTALL  
2023-03-12 16:19:38: PRINTALL  
2023-03-12 16:19:38: PRINTALL  
2023-03-12 16:19:38: PRINTALL  
2023-03-12 16:19:38: PRINTALL  
2023-03-12 16:19:38: PRINTALL  
2023-03-12 16:19:38: PRINTALL  
2023-03-12 16:19:38: PRINTALL  
2023-03-12 16:19:38: PRINTALL  
2023-03-12 16:19:38: PRINTALL  
2023-03-12 16:19:38: PRINTALL  
2023-03-12 16:19:38: PRINTALL  
2023-03-12 16:19:38: PRINTALL  
2023-03-12 16:19:38: PRINTALL  
2023-03-12 16:19:38: PRINTALL  
2023-03-12 16:19:38: PRINTALL  
2023-03-12 16:19:38: PRINTALL  
2023-03-12 16:19:38: PRINTALL  
2023-03-12 16:20:12: PRINTALL  Jay-z2023-03-12 16:20:12: PRINTALL  12023-03-12 16:20:12: PRINTALL  outkast2023-03-12 16:20:12: PRINTALL  2002023-03-12 16:20:12: PRINTALL  Bob-Dylan2023-03-12 16:20:12: PRINTALL  242023-03-12 16:20:12: PRINTALL  Ramones2023-03-12 16:20:12: PRINTALL  502023-03-12 16:20:12: PRINTALL  paul-Simon2023-03-12 16:20:12: PRINTALL  282023-03-12 16:20:12: PRINTALL  prince2023-03-12 16:20:12: PRINTALL  5002023-03-12 16:20:12: PRINTALL  Radiohead2023-03-12 16:20:12: PRINTALL  442023-03-12 16:20:12: PRINTALL  The-Rolling-Stones2023-03-12 16:20:12: PRINTALL  702023-03-12 16:20:12: PRINTALL  Talking-Heads2023-03-12 16:20:12: PRINTALL  762023-03-12 16:20:12: PRINTALL  hello2023-03-12 16:20:12: PRINTALL  102023-03-12 16:20:12: PRINTALL  hello22023-03-12 16:20:12: PRINTALL  122023-03-12 16:20:12: PRINTALL  hello32023-03-12 16:20:12: PRINTALL  132023-03-12 16:20:12: PRINTALL  hello42023-03-12 16:20:12: PRINTALL  142023-03-12 16:20:12: PRINTALL  hello162023-03-12 16:20:12: PRINTALL  162023-03-12 16:20:54: PRINTALL  Jay-z2023-03-12 16:20:54: PRINTALL  12023-03-12 16:20:54: PRINTALL  outkast2023-03-12 16:20:54: PRINTALL  2002023-03-12 16:20:54: PRINTALL  Bob-Dylan2023-03-12 16:20:54: PRINTALL  242023-03-12 16:20:54: PRINTALL  Ramones2023-03-12 16:20:54: PRINTALL  502023-03-12 16:20:54: PRINTALL  paul-Simon2023-03-12 16:20:54: PRINTALL  282023-03-12 16:20:54: PRINTALL  prince2023-03-12 16:20:54: PRINTALL  5002023-03-12 16:20:54: PRINTALL  Radiohead2023-03-12 16:20:54: PRINTALL  442023-03-12 16:20:54: PRINTALL  The-Rolling-Stones2023-03-12 16:20:54: PRINTALL  702023-03-12 16:20:54: PRINTALL  Talking-Heads2023-03-12 16:20:54: PRINTALL  762023-03-12 16:20:54: PRINTALL  hello2023-03-12 16:20:54: PRINTALL  102023-03-12 16:20:54: PRINTALL  hello22023-03-12 16:20:54: PRINTALL  122023-03-12 16:20:54: PRINTALL  hello32023-03-12 16:20:54: PRINTALL  132023-03-12 16:20:54: PRINTALL  hello42023-03-12 16:20:54: PRINTALL  142023-03-12 16:20:54: PRINTALL  hello162023-03-12 16:20:54: PRINTALL  162023-03-12 16:21:55: PRINTALL  Jay-z2023-03-12 16:21:55: PRINTALL  12023-03-12 16:21:55: PRINTALL  outkast2023-03-12 16:21:55: PRINTALL  2002023-03-12 16:21:55: PRINTALL  Bob-Dylan2023-03-12 16:21:55: PRINTALL  242023-03-12 16:21:55: PRINTALL  Ramones2023-03-12 16:21:55: PRINTALL  502023-03-12 16:21:55: PRINTALL  paul-Simon2023-03-12 16:21:55: PRINTALL  282023-03-12 16:21:55: PRINTALL  prince2023-03-12 16:21:55: PRINTALL  5002023-03-12 16:21:55: PRINTALL  Radiohead2023-03-12 16:21:55: PRINTALL  442023-03-12 16:21:55: PRINTALL  The-Rolling-Stones2023-03-12 16:21:55: PRINTALL  702023-03-12 16:21:55: PRINTALL  Talking-Heads2023-03-12 16:21:55: PRINTALL  762023-03-12 16:21:55: PRINTALL  hello2023-03-12 16:21:55: PRINTALL  102023-03-12 16:21:55: PRINTALL  hello22023-03-12 16:21:55: PRINTALL  122023-03-12 16:21:55: PRINTALL  hello32023-03-12 16:21:55: PRINTALL  132023-03-12 16:21:55: PRINTALL  hello42023-03-12 16:21:55: PRINTALL  142023-03-12 16:21:55: PRINTALL  hello162023-03-12 16:21:55: PRINTALL  162023-03-12 16:22:05: PRINTALL  Jay-z
2023-03-12 16:22:05: PRINTALL  1
2023-03-12 16:22:05: PRINTALL  outkast
2023-03-12 16:22:05: PRINTALL  200
2023-03-12 16:22:05: PRINTALL  Bob-Dylan
2023-03-12 16:22:05: PRINTALL  24
2023-03-12 16:22:05: PRINTALL  Ramones
2023-03-12 16:22:05: PRINTALL  50
2023-03-12 16:22:05: PRINTALL  paul-Simon
2023-03-12 16:22:05: PRINTALL  28
2023-03-12 16:22:05: PRINTALL  prince
2023-03-12 16:22:05: PRINTALL  500
2023-03-12 16:22:05: PRINTALL  Radiohead
2023-03-12 16:22:05: PRINTALL  44
2023-03-12 16:22:05: PRINTALL  The-Rolling-Stones
2023-03-12 16:22:05: PRINTALL  70
2023-03-12 16:22:05: PRINTALL  Talking-Heads
2023-03-12 16:22:05: PRINTALL  76
2023-03-12 16:22:05: PRINTALL  hello
2023-03-12 16:22:05: PRINTALL  10
2023-03-12 16:22:05: PRINTALL  hello2
2023-03-12 16:22:05: PRINTALL  12
2023-03-12 16:22:05: PRINTALL  hello3
2023-03-12 16:22:05: PRINTALL  13
2023-03-12 16:22:05: PRINTALL  hello4
2023-03-12 16:22:05: PRINTALL  14
2023-03-12 16:22:05: PRINTALL  hello16
2023-03-12 16:22:05: PRINTALL  16
2023-03-12 16:26:42: PRINTALL  record.collection record.collection
2023-03-12 16:29:11: PRINTALL  
2023-03-12 16:29:30: PRINTALL  record.collection
2023-03-12 16:29:47: PRINTALL  record.collection
Jay-z,1
outkast,200
Bob-Dylan,24
Ramones,50
paul-Simon,28
prince,500
Radiohead,44
The-Rolling-Stones,70
Talking-Heads,76
hello,10
hello2,12
hello3,13
hello4,14
hello16,16
2023-03-12 16:32:54: PRINTALL  Jay-z,1 
2023-03-12 16:32:54: PRINTALL  outkast,200 
2023-03-12 16:32:54: PRINTALL  Bob-Dylan,24 
2023-03-12 16:32:54: PRINTALL  Ramones,50 
2023-03-12 16:32:54: PRINTALL  paul-Simon,28 
2023-03-12 16:32:54: PRINTALL  prince,500 
2023-03-12 16:32:54: PRINTALL  Radiohead,44 
2023-03-12 16:32:54: PRINTALL  The-Rolling-Stones,70 
2023-03-12 16:32:54: PRINTALL  Talking-Heads,76 
2023-03-12 16:32:54: PRINTALL  hello,10 
2023-03-12 16:32:54: PRINTALL  hello2,12 
2023-03-12 16:32:54: PRINTALL  hello3,13 
2023-03-12 16:32:54: PRINTALL  hello4,14 
2023-03-12 16:32:54: PRINTALL  hello16,16 
2023-03-12 16:33:35: PRINTALL   outkast,200
2023-03-12 16:33:35: PRINTALL   Bob-Dylan,24
2023-03-12 16:33:35: PRINTALL   Ramones,50
2023-03-12 16:33:35: PRINTALL   paul-Simon,28
2023-03-12 16:33:35: PRINTALL   prince,500
2023-03-12 16:33:35: PRINTALL   Radiohead,44
2023-03-12 16:33:35: PRINTALL   The-Rolling-Stones,70
2023-03-12 16:33:35: PRINTALL   Talking-Heads,76
2023-03-12 16:33:35: PRINTALL   hello,10
2023-03-12 16:33:35: PRINTALL   hello2,12
2023-03-12 16:33:35: PRINTALL   hello3,13
2023-03-12 16:33:35: PRINTALL   hello4,14
2023-03-12 16:33:35: PRINTALL   hello16,16
2023-03-12 16:33:38: PRINTALL   outkast,200
2023-03-12 16:33:38: PRINTALL   Bob-Dylan,24
2023-03-12 16:33:38: PRINTALL   Ramones,50
2023-03-12 16:33:38: PRINTALL   paul-Simon,28
2023-03-12 16:33:38: PRINTALL   prince,500
2023-03-12 16:33:38: PRINTALL   Radiohead,44
2023-03-12 16:33:38: PRINTALL   The-Rolling-Stones,70
2023-03-12 16:33:38: PRINTALL   Talking-Heads,76
2023-03-12 16:33:38: PRINTALL   hello,10
2023-03-12 16:33:38: PRINTALL   hello2,12
2023-03-12 16:33:38: PRINTALL   hello3,13
2023-03-12 16:33:38: PRINTALL   hello4,14
2023-03-12 16:33:38: PRINTALL   hello16,16
2023-03-12 16:33:51: PRINTALL  Jay-z,1  outkast,200
2023-03-12 16:33:51: PRINTALL  Jay-z,1  Bob-Dylan,24
2023-03-12 16:33:51: PRINTALL  Jay-z,1  Ramones,50
2023-03-12 16:33:51: PRINTALL  Jay-z,1  paul-Simon,28
2023-03-12 16:33:51: PRINTALL  Jay-z,1  prince,500
2023-03-12 16:33:51: PRINTALL  Jay-z,1  Radiohead,44
2023-03-12 16:33:51: PRINTALL  Jay-z,1  The-Rolling-Stones,70
2023-03-12 16:33:51: PRINTALL  Jay-z,1  Talking-Heads,76
2023-03-12 16:33:51: PRINTALL  Jay-z,1  hello,10
2023-03-12 16:33:51: PRINTALL  Jay-z,1  hello2,12
2023-03-12 16:33:51: PRINTALL  Jay-z,1  hello3,13
2023-03-12 16:33:51: PRINTALL  Jay-z,1  hello4,14
2023-03-12 16:33:51: PRINTALL  Jay-z,1  hello16,16
2023-03-12 16:35:24: PRINTALL (echo Jay-z,1 | tr ',' ' ' ))
2023-03-12 16:35:24: PRINTALL (echo outkast,200 | tr ',' ' ' ))
2023-03-12 16:35:24: PRINTALL (echo Bob-Dylan,24 | tr ',' ' ' ))
2023-03-12 16:35:24: PRINTALL (echo Ramones,50 | tr ',' ' ' ))
2023-03-12 16:35:24: PRINTALL (echo paul-Simon,28 | tr ',' ' ' ))
2023-03-12 16:35:24: PRINTALL (echo prince,500 | tr ',' ' ' ))
2023-03-12 16:35:24: PRINTALL (echo Radiohead,44 | tr ',' ' ' ))
2023-03-12 16:35:24: PRINTALL (echo The-Rolling-Stones,70 | tr ',' ' ' ))
2023-03-12 16:35:24: PRINTALL (echo Talking-Heads,76 | tr ',' ' ' ))
2023-03-12 16:35:24: PRINTALL (echo hello,10 | tr ',' ' ' ))
2023-03-12 16:35:24: PRINTALL (echo hello2,12 | tr ',' ' ' ))
2023-03-12 16:35:24: PRINTALL (echo hello3,13 | tr ',' ' ' ))
2023-03-12 16:35:24: PRINTALL (echo hello4,14 | tr ',' ' ' ))
2023-03-12 16:35:24: PRINTALL (echo hello16,16 | tr ',' ' ' ))
2023-03-12 16:36:00: PRINTALL (echo Jay-z,1 | tr ',' ' ' ))
2023-03-12 16:36:00: PRINTALL (echo outkast,200 | tr ',' ' ' ))
2023-03-12 16:36:00: PRINTALL (echo Bob-Dylan,24 | tr ',' ' ' ))
2023-03-12 16:36:00: PRINTALL (echo Ramones,50 | tr ',' ' ' ))
2023-03-12 16:36:00: PRINTALL (echo paul-Simon,28 | tr ',' ' ' ))
2023-03-12 16:36:00: PRINTALL (echo prince,500 | tr ',' ' ' ))
2023-03-12 16:36:00: PRINTALL (echo Radiohead,44 | tr ',' ' ' ))
2023-03-12 16:36:00: PRINTALL (echo The-Rolling-Stones,70 | tr ',' ' ' ))
2023-03-12 16:36:00: PRINTALL (echo Talking-Heads,76 | tr ',' ' ' ))
2023-03-12 16:36:00: PRINTALL (echo hello,10 | tr ',' ' ' ))
2023-03-12 16:36:00: PRINTALL (echo hello2,12 | tr ',' ' ' ))
2023-03-12 16:36:00: PRINTALL (echo hello3,13 | tr ',' ' ' ))
2023-03-12 16:36:00: PRINTALL (echo hello4,14 | tr ',' ' ' ))
2023-03-12 16:36:00: PRINTALL (echo hello16,16 | tr ',' ' ' ))
2023-03-12 16:36:05: PRINTALL echo Jay-z,1 | tr ',' ' ' ))
2023-03-12 16:36:05: PRINTALL echo outkast,200 | tr ',' ' ' ))
2023-03-12 16:36:05: PRINTALL echo Bob-Dylan,24 | tr ',' ' ' ))
2023-03-12 16:36:05: PRINTALL echo Ramones,50 | tr ',' ' ' ))
2023-03-12 16:36:05: PRINTALL echo paul-Simon,28 | tr ',' ' ' ))
2023-03-12 16:36:05: PRINTALL echo prince,500 | tr ',' ' ' ))
2023-03-12 16:36:05: PRINTALL echo Radiohead,44 | tr ',' ' ' ))
2023-03-12 16:36:05: PRINTALL echo The-Rolling-Stones,70 | tr ',' ' ' ))
2023-03-12 16:36:05: PRINTALL echo Talking-Heads,76 | tr ',' ' ' ))
2023-03-12 16:36:05: PRINTALL echo hello,10 | tr ',' ' ' ))
2023-03-12 16:36:05: PRINTALL echo hello2,12 | tr ',' ' ' ))
2023-03-12 16:36:05: PRINTALL echo hello3,13 | tr ',' ' ' ))
2023-03-12 16:36:05: PRINTALL echo hello4,14 | tr ',' ' ' ))
2023-03-12 16:36:05: PRINTALL echo hello16,16 | tr ',' ' ' ))
2023-03-12 16:40:07: PRINTALL   Jay-z,1
2023-03-12 16:40:07: PRINTALL   outkast,200
2023-03-12 16:40:07: PRINTALL   Bob-Dylan,24
2023-03-12 16:40:07: PRINTALL   Ramones,50
2023-03-12 16:40:07: PRINTALL   paul-Simon,28
2023-03-12 16:40:07: PRINTALL   prince,500
2023-03-12 16:40:07: PRINTALL   Radiohead,44
2023-03-12 16:40:07: PRINTALL   The-Rolling-Stones,70
2023-03-12 16:40:07: PRINTALL   Talking-Heads,76
2023-03-12 16:40:07: PRINTALL   hello,10
2023-03-12 16:40:07: PRINTALL   hello2,12
2023-03-12 16:40:07: PRINTALL   hello3,13
2023-03-12 16:40:07: PRINTALL   hello4,14
2023-03-12 16:40:07: PRINTALL   hello16,16
2023-03-12 17:30:36: PRINTALL Jay-z  1 
2023-03-12 17:30:36: PRINTALL outkast  200 
2023-03-12 17:30:36: PRINTALL Bob-Dylan  24 
2023-03-12 17:30:36: PRINTALL Ramones  50 
2023-03-12 17:30:36: PRINTALL paul-Simon  28 
2023-03-12 17:30:36: PRINTALL prince  500 
2023-03-12 17:30:36: PRINTALL Radiohead  44 
2023-03-12 17:30:36: PRINTALL The-Rolling-Stones  70 
2023-03-12 17:30:36: PRINTALL Talking-Heads  76 
2023-03-12 17:30:36: PRINTALL hello  10 
2023-03-12 17:30:36: PRINTALL hello2  12 
2023-03-12 17:30:36: PRINTALL hello3  13 
2023-03-12 17:30:36: PRINTALL hello4  14 
2023-03-12 17:30:36: PRINTALL hello16  16 
2023-03-12 20:23:29: PRINTALL Jay-z  1 
2023-03-12 20:23:29: PRINTALL outkast  200 
2023-03-12 20:23:29: PRINTALL Bob-Dylan  24 
2023-03-12 20:23:29: PRINTALL Ramones  50 
2023-03-12 20:23:29: PRINTALL paul-Simon  28 
2023-03-12 20:23:29: PRINTALL prince  500 
2023-03-12 20:23:29: PRINTALL Radiohead  44 
2023-03-12 20:23:29: PRINTALL The-Rolling-Stones  70 
2023-03-12 20:23:29: PRINTALL Talking-Heads  76 
2023-03-12 20:23:29: PRINTALL hello  10 
2023-03-12 20:23:29: PRINTALL hello2  12 
2023-03-12 20:23:29: PRINTALL hello3  13 
2023-03-12 20:23:29: PRINTALL hello4  14 
2023-03-12 20:23:29: PRINTALL hello16  16 
12/03/2023 20:23:32:  Print_Amount 1058
